                                     | Core 0      
  Instructions                       |  16644220742
  Cycles                             |  13327781040
  IPC                                |         1.25
  Time (ns)                          |   5010444000
  Idle time (ns)                     |          466
  Idle time (%)                      |         0.0%
Branch predictor stats               |             
  num correct                        |   2339472461
  num incorrect                      |    276054123
  misprediction rate                 |       10.55%
  mpki                               |        16.59
TLB Summary                          |             
  I-TLB                              |             
    num accesses                     |   2581417682
    num misses                       |          188
    miss rate                        |        0.00%
    mpki                             |         0.00
  D-TLB                              |             
    num accesses                     |   6208261552
    num misses                       |      1285252
    miss rate                        |        0.02%
    mpki                             |         0.08
  L2 TLB                             |             
    num accesses                     |      1285440
    num misses                       |       649186
    miss rate                        |       50.50%
    mpki                             |         0.04
Cache Summary                        |             
  Cache L1-I                         |             
    num cache accesses               |   2581417682
    num cache misses                 |       225240
    miss rate                        |        0.01%
    mpki                             |         0.01
  Cache L1-D                         |             
    num cache accesses               |   6208261856
    num cache misses                 |    127845215
    miss rate                        |        2.06%
    mpki                             |         7.68
  Cache L2                           |             
    num cache accesses               |    129339598
    num cache misses                 |     79781840
    miss rate                        |       61.68%
    mpki                             |         4.79
  Cache L3                           |             
    num cache accesses               |     81053243
    num cache misses                 |      6682027
    miss rate                        |        8.24%
    mpki                             |         0.40
DRAM summary                         |             
  num dram accesses                  |     11911219
  average dram access latency (ns)   |     12420.89
  average dram queueing delay        |     12367.46
  average dram bandwidth utilization |        2.00%
Coherency Traffic                    |             
  num loads from dram                |      4445630
  num loads from dram cache          |            0
  num loads from remote cache        |            0
